11:37:59.045 INFO  [main][SpringBootTestContextBootstrapper.buildDefaultMergedContextConfiguration(AbstractTestContextBootstrapper.java:305)] Neither @ContextConfiguration nor @ContextHierarchy found for test class [com.example.demo_project.RegisterTest], using SpringBootContextLoader
11:37:59.053 INFO  [main][AbstractContextLoader.generateDefaultLocations(AbstractContextLoader.java:264)] Could not detect default resource locations for test class [com.example.demo_project.RegisterTest]: no resource found for suffixes {-context.xml, Context.groovy}.
11:37:59.054 INFO  [main][AnnotationConfigContextLoaderUtils.detectDefaultConfigurationClasses(AnnotationConfigContextLoaderUtils.java:83)] Could not detect default configuration classes for test class [com.example.demo_project.RegisterTest]: RegisterTest does not declare any static, non-private, non-final, nested classes annotated with @Configuration.
11:37:59.200 INFO  [main][SpringBootTestContextBootstrapper.getOrFindConfigurationClasses(SpringBootTestContextBootstrapper.java:238)] Found @SpringBootConfiguration com.example.demo_project.DemoProjectApplication for test class com.example.demo_project.RegisterTest
11:37:59.346 INFO  [main][SpringBootTestContextBootstrapper.getDefaultTestExecutionListenerClassNames(AbstractTestContextBootstrapper.java:245)] Loaded default TestExecutionListener class names from location [META-INF/spring.factories]: [org.springframework.boot.test.autoconfigure.restdocs.RestDocsTestExecutionListener, org.springframework.boot.test.autoconfigure.web.client.MockRestServiceServerResetTestExecutionListener, org.springframework.boot.test.autoconfigure.web.servlet.MockMvcPrintOnlyOnFailureTestExecutionListener, org.springframework.boot.test.autoconfigure.web.servlet.WebDriverTestExecutionListener, org.springframework.boot.test.autoconfigure.webservices.client.MockWebServiceServerTestExecutionListener, org.springframework.boot.test.mock.mockito.MockitoTestExecutionListener, org.springframework.boot.test.mock.mockito.ResetMocksTestExecutionListener, org.springframework.test.context.web.ServletTestExecutionListener, org.springframework.test.context.support.DirtiesContextBeforeModesTestExecutionListener, org.springframework.test.context.event.ApplicationEventsTestExecutionListener, org.springframework.test.context.support.DependencyInjectionTestExecutionListener, org.springframework.test.context.support.DirtiesContextTestExecutionListener, org.springframework.test.context.transaction.TransactionalTestExecutionListener, org.springframework.test.context.jdbc.SqlScriptsTestExecutionListener, org.springframework.test.context.event.EventPublishingTestExecutionListener]
11:37:59.374 INFO  [main][SpringBootTestContextBootstrapper.getTestExecutionListeners(AbstractTestContextBootstrapper.java:174)] Using TestExecutionListeners: [org.springframework.test.context.web.ServletTestExecutionListener@6175619b, org.springframework.test.context.support.DirtiesContextBeforeModesTestExecutionListener@2f058b8a, org.springframework.test.context.event.ApplicationEventsTestExecutionListener@756cf158, org.springframework.boot.test.mock.mockito.MockitoTestExecutionListener@3f2ef586, org.springframework.boot.test.autoconfigure.SpringBootDependencyInjectionTestExecutionListener@751d3241, org.springframework.test.context.support.DirtiesContextTestExecutionListener@76c7beb3, org.springframework.test.context.transaction.TransactionalTestExecutionListener@64337702, org.springframework.test.context.jdbc.SqlScriptsTestExecutionListener@2cf92cc7, org.springframework.test.context.event.EventPublishingTestExecutionListener@30ea8c23, org.springframework.boot.test.autoconfigure.restdocs.RestDocsTestExecutionListener@7b139eab, org.springframework.boot.test.autoconfigure.web.client.MockRestServiceServerResetTestExecutionListener@4e76dac, org.springframework.boot.test.autoconfigure.web.servlet.MockMvcPrintOnlyOnFailureTestExecutionListener@611df6e3, org.springframework.boot.test.autoconfigure.web.servlet.WebDriverTestExecutionListener@5f2f577, org.springframework.boot.test.autoconfigure.webservices.client.MockWebServiceServerTestExecutionListener@6273c5a4, org.springframework.boot.test.mock.mockito.ResetMocksTestExecutionListener@5d465e4b]
11:37:59.748 INFO  [main][RegisterTest.logStarting(StartupInfoLogger.java:55)] Starting RegisterTest using Java 17.0.2 on DESKTOP-0GL9MFH with PID 4172 (started by USER in C:\Users\USER\Desktop\javaclass\java_project\demo_project)
11:37:59.749 INFO  [main][RegisterTest.logStartupProfileInfo(SpringApplication.java:645)] No active profile set, falling back to 1 default profile: "default"
11:38:01.000 INFO  [main][RepositoryConfigurationDelegate.registerRepositoriesIn(RepositoryConfigurationDelegate.java:132)] Bootstrapping Spring Data JPA repositories in DEFAULT mode.
11:38:01.104 INFO  [main][RepositoryConfigurationDelegate.registerRepositoriesIn(RepositoryConfigurationDelegate.java:201)] Finished Spring Data repository scanning in 91 ms. Found 9 JPA repository interfaces.
11:38:01.677 INFO  [main][HikariDataSource.getConnection(HikariDataSource.java:110)] HikariPool-1 - Starting...
11:38:01.881 INFO  [main][HikariDataSource.getConnection(HikariDataSource.java:123)] HikariPool-1 - Start completed.
11:38:02.143 INFO  [main][LogHelper.logPersistenceUnitInformation(LogHelper.java:31)] HHH000204: Processing PersistenceUnitInfo [name: default]
11:38:02.226 INFO  [main][Version.logVersion(Version.java:44)] HHH000412: Hibernate ORM core version 5.6.11.Final
11:38:02.471 INFO  [main][Version.<clinit>(JavaReflectionManager.java:56)] HCANN000001: Hibernate Commons Annotations {5.1.2.Final}
11:38:02.671 INFO  [main][Dialect.<init>(Dialect.java:175)] HHH000400: Using dialect: org.hibernate.dialect.MySQL8Dialect
11:38:02.968 WARN  [main][RootClass.checkCompositeIdentifier(RootClass.java:287)] HHH000038: Composite-id class does not override equals(): com.example.demo_project.entity.OrgCompanyId
11:38:02.968 WARN  [main][RootClass.checkCompositeIdentifier(RootClass.java:290)] HHH000039: Composite-id class does not override hashCode(): com.example.demo_project.entity.OrgCompanyId
11:38:03.332 INFO  [main][JtaPlatformInitiator.initiateService(JtaPlatformInitiator.java:52)] HHH000490: Using JtaPlatform implementation: [org.hibernate.engine.transaction.jta.platform.internal.NoJtaPlatform]
11:38:03.342 INFO  [main][LocalContainerEntityManagerFactoryBean.buildNativeEntityManagerFactory(AbstractEntityManagerFactoryBean.java:437)] Initialized JPA EntityManagerFactory for persistence unit 'default'
11:38:04.558 WARN  [main][JpaBaseConfiguration$JpaWebConfiguration.openEntityManagerInViewInterceptor(JpaBaseConfiguration.java:219)] spring.jpa.open-in-view is enabled by default. Therefore, database queries may be performed during view rendering. Explicitly configure spring.jpa.open-in-view to disable this warning
11:38:04.907 INFO  [main][PropertySourcedRequestMappingHandlerMapping.initHandlerMethods(PropertySourcedRequestMappingHandlerMapping.java:69)] Mapped URL path [/v2/api-docs] onto method [springfox.documentation.swagger2.web.Swagger2Controller#getDocumentation(String, HttpServletRequest)]
11:38:06.430 INFO  [main][DocumentationPluginsBootstrapper.start(DocumentationPluginsBootstrapper.java:160)] Context refreshed
11:38:06.454 INFO  [main][DocumentationPluginsBootstrapper.start(DocumentationPluginsBootstrapper.java:163)] Found 1 custom documentation plugin(s)
11:38:06.482 INFO  [main][ApiListingReferenceScanner.scan(ApiListingReferenceScanner.java:41)] Scanning for api listing references
11:38:06.703 INFO  [main][RegisterTest.logStarted(StartupInfoLogger.java:61)] Started RegisterTest in 7.289 seconds (JVM running for 9.263)
11:38:06.746 INFO  [main][SpringBootMockServletContext.log(MockServletContext.java:455)] Initializing Spring TestDispatcherServlet ''
11:38:06.746 INFO  [main][TestDispatcherServlet.initServletBean(FrameworkServlet.java:525)] Initializing Servlet ''
11:38:06.748 INFO  [main][TestDispatcherServlet.initServletBean(FrameworkServlet.java:547)] Completed initialization in 1 ms
11:38:07.122 INFO  [SpringApplicationShutdownHook][LocalContainerEntityManagerFactoryBean.destroy(AbstractEntityManagerFactoryBean.java:651)] Closing JPA EntityManagerFactory for persistence unit 'default'
11:38:07.126 INFO  [SpringApplicationShutdownHook][HikariDataSource.close(HikariDataSource.java:350)] HikariPool-1 - Shutdown initiated...
11:38:07.135 INFO  [SpringApplicationShutdownHook][HikariDataSource.close(HikariDataSource.java:352)] HikariPool-1 - Shutdown completed.
11:43:01.961 INFO  [main][SpringBootTestContextBootstrapper.buildDefaultMergedContextConfiguration(AbstractTestContextBootstrapper.java:305)] Neither @ContextConfiguration nor @ContextHierarchy found for test class [com.example.demo_project.RegisterTest], using SpringBootContextLoader
11:43:01.968 INFO  [main][AbstractContextLoader.generateDefaultLocations(AbstractContextLoader.java:264)] Could not detect default resource locations for test class [com.example.demo_project.RegisterTest]: no resource found for suffixes {-context.xml, Context.groovy}.
11:43:01.969 INFO  [main][AnnotationConfigContextLoaderUtils.detectDefaultConfigurationClasses(AnnotationConfigContextLoaderUtils.java:83)] Could not detect default configuration classes for test class [com.example.demo_project.RegisterTest]: RegisterTest does not declare any static, non-private, non-final, nested classes annotated with @Configuration.
11:43:02.069 INFO  [main][SpringBootTestContextBootstrapper.getOrFindConfigurationClasses(SpringBootTestContextBootstrapper.java:238)] Found @SpringBootConfiguration com.example.demo_project.DemoProjectApplication for test class com.example.demo_project.RegisterTest
11:43:02.179 INFO  [main][SpringBootTestContextBootstrapper.getDefaultTestExecutionListenerClassNames(AbstractTestContextBootstrapper.java:245)] Loaded default TestExecutionListener class names from location [META-INF/spring.factories]: [org.springframework.boot.test.autoconfigure.restdocs.RestDocsTestExecutionListener, org.springframework.boot.test.autoconfigure.web.client.MockRestServiceServerResetTestExecutionListener, org.springframework.boot.test.autoconfigure.web.servlet.MockMvcPrintOnlyOnFailureTestExecutionListener, org.springframework.boot.test.autoconfigure.web.servlet.WebDriverTestExecutionListener, org.springframework.boot.test.autoconfigure.webservices.client.MockWebServiceServerTestExecutionListener, org.springframework.boot.test.mock.mockito.MockitoTestExecutionListener, org.springframework.boot.test.mock.mockito.ResetMocksTestExecutionListener, org.springframework.test.context.web.ServletTestExecutionListener, org.springframework.test.context.support.DirtiesContextBeforeModesTestExecutionListener, org.springframework.test.context.event.ApplicationEventsTestExecutionListener, org.springframework.test.context.support.DependencyInjectionTestExecutionListener, org.springframework.test.context.support.DirtiesContextTestExecutionListener, org.springframework.test.context.transaction.TransactionalTestExecutionListener, org.springframework.test.context.jdbc.SqlScriptsTestExecutionListener, org.springframework.test.context.event.EventPublishingTestExecutionListener]
11:43:02.195 INFO  [main][SpringBootTestContextBootstrapper.getTestExecutionListeners(AbstractTestContextBootstrapper.java:174)] Using TestExecutionListeners: [org.springframework.test.context.web.ServletTestExecutionListener@6175619b, org.springframework.test.context.support.DirtiesContextBeforeModesTestExecutionListener@2f058b8a, org.springframework.test.context.event.ApplicationEventsTestExecutionListener@756cf158, org.springframework.boot.test.mock.mockito.MockitoTestExecutionListener@3f2ef586, org.springframework.boot.test.autoconfigure.SpringBootDependencyInjectionTestExecutionListener@751d3241, org.springframework.test.context.support.DirtiesContextTestExecutionListener@76c7beb3, org.springframework.test.context.transaction.TransactionalTestExecutionListener@64337702, org.springframework.test.context.jdbc.SqlScriptsTestExecutionListener@2cf92cc7, org.springframework.test.context.event.EventPublishingTestExecutionListener@30ea8c23, org.springframework.boot.test.autoconfigure.restdocs.RestDocsTestExecutionListener@7b139eab, org.springframework.boot.test.autoconfigure.web.client.MockRestServiceServerResetTestExecutionListener@4e76dac, org.springframework.boot.test.autoconfigure.web.servlet.MockMvcPrintOnlyOnFailureTestExecutionListener@611df6e3, org.springframework.boot.test.autoconfigure.web.servlet.WebDriverTestExecutionListener@5f2f577, org.springframework.boot.test.autoconfigure.webservices.client.MockWebServiceServerTestExecutionListener@6273c5a4, org.springframework.boot.test.mock.mockito.ResetMocksTestExecutionListener@5d465e4b]
11:43:02.479 INFO  [main][RegisterTest.logStarting(StartupInfoLogger.java:55)] Starting RegisterTest using Java 17.0.2 on DESKTOP-0GL9MFH with PID 12380 (started by USER in C:\Users\USER\Desktop\javaclass\java_project\demo_project)
11:43:02.480 INFO  [main][RegisterTest.logStartupProfileInfo(SpringApplication.java:645)] No active profile set, falling back to 1 default profile: "default"
11:43:03.347 INFO  [main][RepositoryConfigurationDelegate.registerRepositoriesIn(RepositoryConfigurationDelegate.java:132)] Bootstrapping Spring Data JPA repositories in DEFAULT mode.
11:43:03.442 INFO  [main][RepositoryConfigurationDelegate.registerRepositoriesIn(RepositoryConfigurationDelegate.java:201)] Finished Spring Data repository scanning in 85 ms. Found 9 JPA repository interfaces.
11:43:03.939 INFO  [main][HikariDataSource.getConnection(HikariDataSource.java:110)] HikariPool-1 - Starting...
11:43:04.135 INFO  [main][HikariDataSource.getConnection(HikariDataSource.java:123)] HikariPool-1 - Start completed.
11:43:04.336 INFO  [main][LogHelper.logPersistenceUnitInformation(LogHelper.java:31)] HHH000204: Processing PersistenceUnitInfo [name: default]
11:43:04.405 INFO  [main][Version.logVersion(Version.java:44)] HHH000412: Hibernate ORM core version 5.6.11.Final
11:43:04.598 INFO  [main][Version.<clinit>(JavaReflectionManager.java:56)] HCANN000001: Hibernate Commons Annotations {5.1.2.Final}
11:43:04.768 INFO  [main][Dialect.<init>(Dialect.java:175)] HHH000400: Using dialect: org.hibernate.dialect.MySQL8Dialect
11:43:05.072 WARN  [main][RootClass.checkCompositeIdentifier(RootClass.java:287)] HHH000038: Composite-id class does not override equals(): com.example.demo_project.entity.OrgCompanyId
11:43:05.072 WARN  [main][RootClass.checkCompositeIdentifier(RootClass.java:290)] HHH000039: Composite-id class does not override hashCode(): com.example.demo_project.entity.OrgCompanyId
11:43:05.410 INFO  [main][JtaPlatformInitiator.initiateService(JtaPlatformInitiator.java:52)] HHH000490: Using JtaPlatform implementation: [org.hibernate.engine.transaction.jta.platform.internal.NoJtaPlatform]
11:43:05.419 INFO  [main][LocalContainerEntityManagerFactoryBean.buildNativeEntityManagerFactory(AbstractEntityManagerFactoryBean.java:437)] Initialized JPA EntityManagerFactory for persistence unit 'default'
11:43:06.547 WARN  [main][JpaBaseConfiguration$JpaWebConfiguration.openEntityManagerInViewInterceptor(JpaBaseConfiguration.java:219)] spring.jpa.open-in-view is enabled by default. Therefore, database queries may be performed during view rendering. Explicitly configure spring.jpa.open-in-view to disable this warning
11:43:06.890 INFO  [main][PropertySourcedRequestMappingHandlerMapping.initHandlerMethods(PropertySourcedRequestMappingHandlerMapping.java:69)] Mapped URL path [/v2/api-docs] onto method [springfox.documentation.swagger2.web.Swagger2Controller#getDocumentation(String, HttpServletRequest)]
11:43:08.442 INFO  [main][DocumentationPluginsBootstrapper.start(DocumentationPluginsBootstrapper.java:160)] Context refreshed
11:43:08.466 INFO  [main][DocumentationPluginsBootstrapper.start(DocumentationPluginsBootstrapper.java:163)] Found 1 custom documentation plugin(s)
11:43:08.496 INFO  [main][ApiListingReferenceScanner.scan(ApiListingReferenceScanner.java:41)] Scanning for api listing references
11:43:08.667 INFO  [main][RegisterTest.logStarted(StartupInfoLogger.java:61)] Started RegisterTest in 6.442 seconds (JVM running for 7.594)
11:43:08.703 INFO  [main][SpringBootMockServletContext.log(MockServletContext.java:455)] Initializing Spring TestDispatcherServlet ''
11:43:08.703 INFO  [main][TestDispatcherServlet.initServletBean(FrameworkServlet.java:525)] Initializing Servlet ''
11:43:08.705 INFO  [main][TestDispatcherServlet.initServletBean(FrameworkServlet.java:547)] Completed initialization in 1 ms
11:43:09.041 INFO  [SpringApplicationShutdownHook][LocalContainerEntityManagerFactoryBean.destroy(AbstractEntityManagerFactoryBean.java:651)] Closing JPA EntityManagerFactory for persistence unit 'default'
11:43:09.044 INFO  [SpringApplicationShutdownHook][HikariDataSource.close(HikariDataSource.java:350)] HikariPool-1 - Shutdown initiated...
11:43:09.053 INFO  [SpringApplicationShutdownHook][HikariDataSource.close(HikariDataSource.java:352)] HikariPool-1 - Shutdown completed.
11:48:13.075 INFO  [main][SpringBootTestContextBootstrapper.buildDefaultMergedContextConfiguration(AbstractTestContextBootstrapper.java:305)] Neither @ContextConfiguration nor @ContextHierarchy found for test class [com.example.demo_project.RegisterTest], using SpringBootContextLoader
11:48:13.082 INFO  [main][AbstractContextLoader.generateDefaultLocations(AbstractContextLoader.java:264)] Could not detect default resource locations for test class [com.example.demo_project.RegisterTest]: no resource found for suffixes {-context.xml, Context.groovy}.
11:48:13.083 INFO  [main][AnnotationConfigContextLoaderUtils.detectDefaultConfigurationClasses(AnnotationConfigContextLoaderUtils.java:83)] Could not detect default configuration classes for test class [com.example.demo_project.RegisterTest]: RegisterTest does not declare any static, non-private, non-final, nested classes annotated with @Configuration.
11:48:13.183 INFO  [main][SpringBootTestContextBootstrapper.getOrFindConfigurationClasses(SpringBootTestContextBootstrapper.java:238)] Found @SpringBootConfiguration com.example.demo_project.DemoProjectApplication for test class com.example.demo_project.RegisterTest
11:48:13.284 INFO  [main][SpringBootTestContextBootstrapper.getDefaultTestExecutionListenerClassNames(AbstractTestContextBootstrapper.java:245)] Loaded default TestExecutionListener class names from location [META-INF/spring.factories]: [org.springframework.boot.test.autoconfigure.restdocs.RestDocsTestExecutionListener, org.springframework.boot.test.autoconfigure.web.client.MockRestServiceServerResetTestExecutionListener, org.springframework.boot.test.autoconfigure.web.servlet.MockMvcPrintOnlyOnFailureTestExecutionListener, org.springframework.boot.test.autoconfigure.web.servlet.WebDriverTestExecutionListener, org.springframework.boot.test.autoconfigure.webservices.client.MockWebServiceServerTestExecutionListener, org.springframework.boot.test.mock.mockito.MockitoTestExecutionListener, org.springframework.boot.test.mock.mockito.ResetMocksTestExecutionListener, org.springframework.test.context.web.ServletTestExecutionListener, org.springframework.test.context.support.DirtiesContextBeforeModesTestExecutionListener, org.springframework.test.context.event.ApplicationEventsTestExecutionListener, org.springframework.test.context.support.DependencyInjectionTestExecutionListener, org.springframework.test.context.support.DirtiesContextTestExecutionListener, org.springframework.test.context.transaction.TransactionalTestExecutionListener, org.springframework.test.context.jdbc.SqlScriptsTestExecutionListener, org.springframework.test.context.event.EventPublishingTestExecutionListener]
11:48:13.302 INFO  [main][SpringBootTestContextBootstrapper.getTestExecutionListeners(AbstractTestContextBootstrapper.java:174)] Using TestExecutionListeners: [org.springframework.test.context.web.ServletTestExecutionListener@6175619b, org.springframework.test.context.support.DirtiesContextBeforeModesTestExecutionListener@2f058b8a, org.springframework.test.context.event.ApplicationEventsTestExecutionListener@756cf158, org.springframework.boot.test.mock.mockito.MockitoTestExecutionListener@3f2ef586, org.springframework.boot.test.autoconfigure.SpringBootDependencyInjectionTestExecutionListener@751d3241, org.springframework.test.context.support.DirtiesContextTestExecutionListener@76c7beb3, org.springframework.test.context.transaction.TransactionalTestExecutionListener@64337702, org.springframework.test.context.jdbc.SqlScriptsTestExecutionListener@2cf92cc7, org.springframework.test.context.event.EventPublishingTestExecutionListener@30ea8c23, org.springframework.boot.test.autoconfigure.restdocs.RestDocsTestExecutionListener@7b139eab, org.springframework.boot.test.autoconfigure.web.client.MockRestServiceServerResetTestExecutionListener@4e76dac, org.springframework.boot.test.autoconfigure.web.servlet.MockMvcPrintOnlyOnFailureTestExecutionListener@611df6e3, org.springframework.boot.test.autoconfigure.web.servlet.WebDriverTestExecutionListener@5f2f577, org.springframework.boot.test.autoconfigure.webservices.client.MockWebServiceServerTestExecutionListener@6273c5a4, org.springframework.boot.test.mock.mockito.ResetMocksTestExecutionListener@5d465e4b]
11:48:13.605 INFO  [main][RegisterTest.logStarting(StartupInfoLogger.java:55)] Starting RegisterTest using Java 17.0.2 on DESKTOP-0GL9MFH with PID 9848 (started by USER in C:\Users\USER\Desktop\javaclass\java_project\demo_project)
11:48:13.607 INFO  [main][RegisterTest.logStartupProfileInfo(SpringApplication.java:645)] No active profile set, falling back to 1 default profile: "default"
11:48:14.545 INFO  [main][RepositoryConfigurationDelegate.registerRepositoriesIn(RepositoryConfigurationDelegate.java:132)] Bootstrapping Spring Data JPA repositories in DEFAULT mode.
11:48:14.640 INFO  [main][RepositoryConfigurationDelegate.registerRepositoriesIn(RepositoryConfigurationDelegate.java:201)] Finished Spring Data repository scanning in 87 ms. Found 9 JPA repository interfaces.
11:48:15.166 INFO  [main][HikariDataSource.getConnection(HikariDataSource.java:110)] HikariPool-1 - Starting...
11:48:15.348 INFO  [main][HikariDataSource.getConnection(HikariDataSource.java:123)] HikariPool-1 - Start completed.
11:48:15.540 INFO  [main][LogHelper.logPersistenceUnitInformation(LogHelper.java:31)] HHH000204: Processing PersistenceUnitInfo [name: default]
11:48:15.604 INFO  [main][Version.logVersion(Version.java:44)] HHH000412: Hibernate ORM core version 5.6.11.Final
11:48:15.803 INFO  [main][Version.<clinit>(JavaReflectionManager.java:56)] HCANN000001: Hibernate Commons Annotations {5.1.2.Final}
11:48:15.996 INFO  [main][Dialect.<init>(Dialect.java:175)] HHH000400: Using dialect: org.hibernate.dialect.MySQL8Dialect
11:48:16.294 WARN  [main][RootClass.checkCompositeIdentifier(RootClass.java:287)] HHH000038: Composite-id class does not override equals(): com.example.demo_project.entity.OrgCompanyId
11:48:16.294 WARN  [main][RootClass.checkCompositeIdentifier(RootClass.java:290)] HHH000039: Composite-id class does not override hashCode(): com.example.demo_project.entity.OrgCompanyId
11:48:16.612 INFO  [main][JtaPlatformInitiator.initiateService(JtaPlatformInitiator.java:52)] HHH000490: Using JtaPlatform implementation: [org.hibernate.engine.transaction.jta.platform.internal.NoJtaPlatform]
11:48:16.620 INFO  [main][LocalContainerEntityManagerFactoryBean.buildNativeEntityManagerFactory(AbstractEntityManagerFactoryBean.java:437)] Initialized JPA EntityManagerFactory for persistence unit 'default'
11:48:17.786 WARN  [main][JpaBaseConfiguration$JpaWebConfiguration.openEntityManagerInViewInterceptor(JpaBaseConfiguration.java:219)] spring.jpa.open-in-view is enabled by default. Therefore, database queries may be performed during view rendering. Explicitly configure spring.jpa.open-in-view to disable this warning
11:48:18.141 INFO  [main][PropertySourcedRequestMappingHandlerMapping.initHandlerMethods(PropertySourcedRequestMappingHandlerMapping.java:69)] Mapped URL path [/v2/api-docs] onto method [springfox.documentation.swagger2.web.Swagger2Controller#getDocumentation(String, HttpServletRequest)]
11:48:19.709 INFO  [main][DocumentationPluginsBootstrapper.start(DocumentationPluginsBootstrapper.java:160)] Context refreshed
11:48:19.730 INFO  [main][DocumentationPluginsBootstrapper.start(DocumentationPluginsBootstrapper.java:163)] Found 1 custom documentation plugin(s)
11:48:19.761 INFO  [main][ApiListingReferenceScanner.scan(ApiListingReferenceScanner.java:41)] Scanning for api listing references
11:48:19.926 INFO  [main][RegisterTest.logStarted(StartupInfoLogger.java:61)] Started RegisterTest in 6.592 seconds (JVM running for 7.749)
11:48:19.969 INFO  [main][SpringBootMockServletContext.log(MockServletContext.java:455)] Initializing Spring TestDispatcherServlet ''
11:48:19.969 INFO  [main][TestDispatcherServlet.initServletBean(FrameworkServlet.java:525)] Initializing Servlet ''
11:48:19.971 INFO  [main][TestDispatcherServlet.initServletBean(FrameworkServlet.java:547)] Completed initialization in 1 ms
11:48:20.313 INFO  [SpringApplicationShutdownHook][LocalContainerEntityManagerFactoryBean.destroy(AbstractEntityManagerFactoryBean.java:651)] Closing JPA EntityManagerFactory for persistence unit 'default'
11:48:20.316 INFO  [SpringApplicationShutdownHook][HikariDataSource.close(HikariDataSource.java:350)] HikariPool-1 - Shutdown initiated...
11:48:20.325 INFO  [SpringApplicationShutdownHook][HikariDataSource.close(HikariDataSource.java:352)] HikariPool-1 - Shutdown completed.
